Arguments: 
  C:\Program Files\nodejs\node.exe C:\Users\davis\AppData\Roaming\npm\node_modules\yarn\bin\yarn.js add ts-node-dev --dev

PATH: 
  E:\flutter\bin;C:\Python39\Scripts\;C:\Python39\;C:\xampp\php;C:\Program Files\Java\jre1.8.0_291\bin\javaw.exe;C:\Program Files (x86)\Common Files\Oracle\Java\javapath;C:\WINDOWS\system32;C:\WINDOWS;C:\WINDOWS\System32\Wbem;C:\WINDOWS\System32\WindowsPowerShell\v1.0\;C:\WINDOWS\System32\OpenSSH\;C:\Program Files\Git\cmd;C:\xampp\mysql\bin;C:\ProgramData\ComposerSetup\bin;C:\Program Files\nodejs\;C:\ProgramData\chocolatey\bin;;C:\Program Files\Docker\Docker\resources\bin;C:\ProgramData\DockerDesktop\version-bin;C:\Users\davis\AppData\Local\Microsoft\WindowsApps;C:\Users\davis\AppData\Roaming\Composer\vendor\bin;C:\Users\davis\AppData\Local\Programs\Microsoft VS Code\bin;C:\Users\davis\AppData\Roaming\npm

Yarn version: 
  1.22.15

Node version: 
  14.17.1

Platform: 
  win32 x64

Trace: 
  Error: EPERM: operation not permitted, rmdir 'C:\Users\davis\Documents\Profissionais\Learning Code\js-study\node_modules\.bin'

npm manifest: 
  {
    "name": "js-study",
    "version": "1.0.0",
    "description": "",
    "main": "index.js",
    "scripts": {
      "start": "echo Initialing Server... && node server.js",
      "dev": "ts-node ./server.ts"
    },
    "author": "me",
    "license": "ISC",
    "dependencies": {
      "@types/express": "^4.17.13",
      "debug": "^4.3.3",
      "express": "^4.17.2",
      "http": "0.0.1-security",
      "node": "^17.3.1"
    },
    "devDependencies": {
      "ts-node": "^10.4.0",
      "ts-node-dev": "^1.1.8",
      "typescript": "^4.5.4"
    }
  }

yarn manifest: 
  No manifest

Lockfile: 
  No lockfile
